GowinSynthesis start
Running parser ...
Analyzing VHDL file 'C:\Users\veget\OneDrive\Escritorio\P1DEF\src\CA.vhd'
Analyzing entity 'ca'("C:\Users\veget\OneDrive\Escritorio\P1DEF\src\CA.vhd":4)
Analyzing architecture 'a_ca'("C:\Users\veget\OneDrive\Escritorio\P1DEF\src\CA.vhd":11)
Analyzing VHDL file 'C:\Users\veget\OneDrive\Escritorio\P1DEF\src\COM.vhd'
Analyzing entity 'cm'("C:\Users\veget\OneDrive\Escritorio\P1DEF\src\COM.vhd":4)
Analyzing architecture 'a_cm'("C:\Users\veget\OneDrive\Escritorio\P1DEF\src\COM.vhd":11)
Analyzing VHDL file 'C:\Users\veget\OneDrive\Escritorio\P1DEF\src\DEC.vhd'
Analyzing entity 'dec'("C:\Users\veget\OneDrive\Escritorio\P1DEF\src\DEC.vhd":4)
Analyzing architecture 'a_dec'("C:\Users\veget\OneDrive\Escritorio\P1DEF\src\DEC.vhd":11)
Analyzing VHDL file 'C:\Users\veget\OneDrive\Escritorio\P1DEF\src\DIV.vhd'
Analyzing entity 'div'("C:\Users\veget\OneDrive\Escritorio\P1DEF\src\DIV.vhd":6)
Analyzing architecture 'a_div'("C:\Users\veget\OneDrive\Escritorio\P1DEF\src\DIV.vhd":13)
Analyzing VHDL file 'C:\Users\veget\OneDrive\Escritorio\P1DEF\src\MUX.vhd'
Analyzing entity 'mux'("C:\Users\veget\OneDrive\Escritorio\P1DEF\src\MUX.vhd":4)
Analyzing architecture 'a_mux'("C:\Users\veget\OneDrive\Escritorio\P1DEF\src\MUX.vhd":13)
Analyzing VHDL file 'C:\Users\veget\OneDrive\Escritorio\P1DEF\src\PAQUETES.vhd'
Analyzing package 'paquetes'("C:\Users\veget\OneDrive\Escritorio\P1DEF\src\PAQUETES.vhd":4)
Analyzing VHDL file 'C:\Users\veget\OneDrive\Escritorio\P1DEF\src\TOPLEVEL.vhd'
Analyzing entity 'toplevel'("C:\Users\veget\OneDrive\Escritorio\P1DEF\src\TOPLEVEL.vhd":6)
Analyzing architecture 'a_toplevel'("C:\Users\veget\OneDrive\Escritorio\P1DEF\src\TOPLEVEL.vhd":16)
WARN  (EX4967) : Cannot read from 'out' object 'tran', use 'buffer' or 'inout' instead("C:\Users\veget\OneDrive\Escritorio\P1DEF\src\TOPLEVEL.vhd":41)
WARN  (EX4967) : Cannot read from 'out' object 'tran', use 'buffer' or 'inout' instead("C:\Users\veget\OneDrive\Escritorio\P1DEF\src\TOPLEVEL.vhd":42)
WARN  (EX4967) : Cannot read from 'out' object 'tran', use 'buffer' or 'inout' instead("C:\Users\veget\OneDrive\Escritorio\P1DEF\src\TOPLEVEL.vhd":40)
Analyzing VHDL file 'C:\Users\veget\OneDrive\Escritorio\P1DEF\src\DIS.vhd'
Analyzing entity 'ctrl_disp'("C:\Users\veget\OneDrive\Escritorio\P1DEF\src\DIS.vhd":4)
Analyzing architecture 'a_ctrl_disp'("C:\Users\veget\OneDrive\Escritorio\P1DEF\src\DIS.vhd":17)
Processing 'CTRL_DISP(A_CTRL_DISP)'("C:\Users\veget\OneDrive\Escritorio\P1DEF\src\DIS.vhd":4)
NOTE  (EX0101) : Current top module is "CTRL_DISP"
[5%] Running netlist conversion ...
Running device independent optimization ...
[10%] Optimizing Phase 0 completed
[15%] Optimizing Phase 1 completed
[25%] Optimizing Phase 2 completed
Running inference ...
[30%] Inferring Phase 0 completed
[40%] Inferring Phase 1 completed
[50%] Inferring Phase 2 completed
[55%] Inferring Phase 3 completed
Running technical mapping ...
[60%] Tech-Mapping Phase 0 completed
[65%] Tech-Mapping Phase 1 completed
[75%] Tech-Mapping Phase 2 completed
[80%] Tech-Mapping Phase 3 completed
[90%] Tech-Mapping Phase 4 completed
[95%] Generate netlist file "C:\Users\veget\OneDrive\Escritorio\P1DEF\impl\gwsynthesis\P1DEF.vg" completed
[100%] Generate report file "C:\Users\veget\OneDrive\Escritorio\P1DEF\impl\gwsynthesis\P1DEF_syn.rpt.html" completed
GowinSynthesis finish
