GowinSynthesis start
Running parser ...
Analyzing VHDL file 'C:\Users\carlo\Desktop\Digitales\Prac2\Practica2\src\DIV.vhd'
Analyzing entity 'div'("C:\Users\carlo\Desktop\Digitales\Prac2\Practica2\src\DIV.vhd":6)
Analyzing architecture 'a_div'("C:\Users\carlo\Desktop\Digitales\Prac2\Practica2\src\DIV.vhd":14)
Analyzing VHDL file 'C:\Users\carlo\Desktop\Digitales\Prac2\Practica2\src\P2.vhd'
Analyzing entity 'p2'("C:\Users\carlo\Desktop\Digitales\Prac2\Practica2\src\P2.vhd":3)
Analyzing architecture 'a_p2'("C:\Users\carlo\Desktop\Digitales\Prac2\Practica2\src\P2.vhd":9)
Analyzing VHDL file 'C:\Users\carlo\Desktop\Digitales\Prac2\Practica2\src\PAQUETES.vhd'
Analyzing package 'paquetes'("C:\Users\carlo\Desktop\Digitales\Prac2\Practica2\src\PAQUETES.vhd":4)
Analyzing VHDL file 'C:\Users\carlo\Desktop\Digitales\Prac2\Practica2\src\TOPLEVEL.vhd'
Analyzing entity 'toplevel'("C:\Users\carlo\Desktop\Digitales\Prac2\Practica2\src\TOPLEVEL.vhd":6)
Analyzing architecture 'a_toplevel'("C:\Users\carlo\Desktop\Digitales\Prac2\Practica2\src\TOPLEVEL.vhd":16)
Processing 'TOPLEVEL(A_TOPLEVEL)'("C:\Users\carlo\Desktop\Digitales\Prac2\Practica2\src\TOPLEVEL.vhd":6)
Processing 'P2(A_P2)'("C:\Users\carlo\Desktop\Digitales\Prac2\Practica2\src\P2.vhd":3)
Processing 'DIV(A_DIV)'("C:\Users\carlo\Desktop\Digitales\Prac2\Practica2\src\DIV.vhd":6)
NOTE  (EX0101) : Current top module is "TOPLEVEL"
[5%] Running netlist conversion ...
Running device independent optimization ...
[10%] Optimizing Phase 0 completed
[15%] Optimizing Phase 1 completed
[25%] Optimizing Phase 2 completed
Running inference ...
[30%] Inferring Phase 0 completed
[40%] Inferring Phase 1 completed
[50%] Inferring Phase 2 completed
[55%] Inferring Phase 3 completed
Running technical mapping ...
[60%] Tech-Mapping Phase 0 completed
[65%] Tech-Mapping Phase 1 completed
[75%] Tech-Mapping Phase 2 completed
[80%] Tech-Mapping Phase 3 completed
[90%] Tech-Mapping Phase 4 completed
[95%] Generate netlist file "C:\Users\carlo\Desktop\Digitales\Prac2\Practica2\impl\gwsynthesis\Practica2.vg" completed
[100%] Generate report file "C:\Users\carlo\Desktop\Digitales\Prac2\Practica2\impl\gwsynthesis\Practica2_syn.rpt.html" completed
GowinSynthesis finish
