GowinSynthesis start
Running parser ...
Analyzing VHDL file 'D:\P8\src\CA.vhd'
Analyzing entity 'ca'("D:\P8\src\CA.vhd":4)
Analyzing architecture 'a_ca'("D:\P8\src\CA.vhd":11)
Analyzing VHDL file 'D:\P8\src\DIV.vhd'
Analyzing entity 'div'("D:\P8\src\DIV.vhd":6)
Analyzing architecture 'a_div'("D:\P8\src\DIV.vhd":15)
Analyzing VHDL file 'D:\P8\src\Hola.vhd'
Analyzing entity 'hola'("D:\P8\src\Hola.vhd":4)
Analyzing architecture 'a_hola'("D:\P8\src\Hola.vhd":11)
Analyzing VHDL file 'D:\P8\src\PAQUETES.vhd'
Analyzing package 'paquetes'("D:\P8\src\PAQUETES.vhd":4)
Analyzing VHDL file 'D:\P8\src\TOPLEVEL.vhd'
Analyzing entity 'top_reg'("D:\P8\src\TOPLEVEL.vhd":4)
Analyzing architecture 'a_top'("D:\P8\src\TOPLEVEL.vhd":20)
Processing 'Top_Reg(A_Top)'("D:\P8\src\TOPLEVEL.vhd":4)
Processing 'DIV(A_DIV)'("D:\P8\src\DIV.vhd":6)
Processing 'CA(A_CA)'("D:\P8\src\CA.vhd":4)
Processing 'HOLA(A_HOLA)'("D:\P8\src\Hola.vhd":4)
NOTE  (EX0101) : Current top module is "Top_Reg"
[5%] Running netlist conversion ...
WARN  (CV0016) : Input CLR is unused("D:\P8\src\TOPLEVEL.vhd":7)
Running device independent optimization ...
[10%] Optimizing Phase 0 completed
[15%] Optimizing Phase 1 completed
[25%] Optimizing Phase 2 completed
Running inference ...
[30%] Inferring Phase 0 completed
[40%] Inferring Phase 1 completed
[50%] Inferring Phase 2 completed
[55%] Inferring Phase 3 completed
Running technical mapping ...
[60%] Tech-Mapping Phase 0 completed
[65%] Tech-Mapping Phase 1 completed
[75%] Tech-Mapping Phase 2 completed
[80%] Tech-Mapping Phase 3 completed
[90%] Tech-Mapping Phase 4 completed
[95%] Generate netlist file "D:\P8\impl\gwsynthesis\P8.vg" completed
[100%] Generate report file "D:\P8\impl\gwsynthesis\P8_syn.rpt.html" completed
GowinSynthesis finish
