Reading netlist file: "C:\Users\carlo\Desktop\PracticasDSD\ContadorNoSecuencial\ContadorNoSecuencial\impl\gwsynthesis\ContadorNoSecuencial.vg"
Parsing netlist file "C:\Users\carlo\Desktop\PracticasDSD\ContadorNoSecuencial\ContadorNoSecuencial\impl\gwsynthesis\ContadorNoSecuencial.vg" completed
Processing netlist completed
Reading constraint file: "C:\Users\carlo\Desktop\PracticasDSD\ContadorNoSecuencial\ContadorNoSecuencial\src\ContadorNoSecuencial.cst"
Physical Constraint parsed completed
Running placement......
[10%] Placement Phase 0 completed
[20%] Placement Phase 1 completed
[30%] Placement Phase 2 completed
WARN  (TA1132) :  'CLK' was determined to be a clock but was not created.
WARN  (TA1132) :  'LED_d' was determined to be a clock but was not created.
[50%] Placement Phase 3 completed
Running routing......
[60%] Routing Phase 0 completed
[70%] Routing Phase 1 completed
[80%] Routing Phase 2 completed
[90%] Routing Phase 3 completed
Running timing analysis......
[95%] Timing analysis completed
Placement and routing completed
Bitstream generation in progress......
Bitstream generation completed
Running power analysis......
[100%] Power analysis completed
Generate file "C:\Users\carlo\Desktop\PracticasDSD\ContadorNoSecuencial\ContadorNoSecuencial\impl\pnr\ContadorNoSecuencial.power.html" completed
Generate file "C:\Users\carlo\Desktop\PracticasDSD\ContadorNoSecuencial\ContadorNoSecuencial\impl\pnr\ContadorNoSecuencial.pin.html" completed
Generate file "C:\Users\carlo\Desktop\PracticasDSD\ContadorNoSecuencial\ContadorNoSecuencial\impl\pnr\ContadorNoSecuencial.rpt.html" completed
Generate file "C:\Users\carlo\Desktop\PracticasDSD\ContadorNoSecuencial\ContadorNoSecuencial\impl\pnr\ContadorNoSecuencial.rpt.txt" completed
Generate file "C:\Users\carlo\Desktop\PracticasDSD\ContadorNoSecuencial\ContadorNoSecuencial\impl\pnr\ContadorNoSecuencial.tr.html" completed
Fri May 22 08:02:54 2026

