Reading netlist file: "D:\P8\impl\gwsynthesis\P8.vg"
Parsing netlist file "D:\P8\impl\gwsynthesis\P8.vg" completed
Processing netlist completed
Reading constraint file: "D:\P8\src\P8.cst"
Physical Constraint parsed completed
Running placement......
[10%] Placement Phase 0 completed
[20%] Placement Phase 1 completed
[30%] Placement Phase 2 completed
WARN  (TA1132) :  'CLK' was determined to be a clock but was not created.
WARN  (TA1132) :  'LED_d' was determined to be a clock but was not created.
[50%] Placement Phase 3 completed
Running routing......
[60%] Routing Phase 0 completed
[70%] Routing Phase 1 completed
[80%] Routing Phase 2 completed
[90%] Routing Phase 3 completed
Running timing analysis......
[95%] Timing analysis completed
Placement and routing completed
Bitstream generation in progress......
Bitstream generation completed
Running power analysis......
[100%] Power analysis completed
Generate file "D:\P8\impl\pnr\P8.power.html" completed
Generate file "D:\P8\impl\pnr\P8.pin.html" completed
Generate file "D:\P8\impl\pnr\P8.rpt.html" completed
Generate file "D:\P8\impl\pnr\P8.rpt.txt" completed
Generate file "D:\P8\impl\pnr\P8.tr.html" completed
Tue Jun  9 07:22:24 2026

