Reading netlist file: "/Users/valeponche/Downloads/PracticasDSD-main-2/Dado Digital/Dado Digital/impl/gwsynthesis/Dado Digital.vg"
Parsing netlist file "/Users/valeponche/Downloads/PracticasDSD-main-2/Dado Digital/Dado Digital/impl/gwsynthesis/Dado Digital.vg" completed
Processing netlist completed
Reading constraint file: "/Users/valeponche/Downloads/PracticasDSD-main-2/Dado Digital/Dado Digital/src/Dado Digital.cst"
Physical Constraint parsed completed
Running placement......
[10%] Placement Phase 0 completed
[20%] Placement Phase 1 completed
[30%] Placement Phase 2 completed
WARN  (TA1132) :  'CLK' was determined to be a clock but was not created.
WARN  (TA1132) :  'CLK_DIV' was determined to be a clock but was not created.
[50%] Placement Phase 3 completed
Running routing......
[60%] Routing Phase 0 completed
[70%] Routing Phase 1 completed
[80%] Routing Phase 2 completed
[90%] Routing Phase 3 completed
Running timing analysis......
[95%] Timing analysis completed
Placement and routing completed
Bitstream generation in progress......
Bitstream generation completed
Running power analysis......
[100%] Power analysis completed
Generate file "/Users/valeponche/Downloads/PracticasDSD-main-2/Dado Digital/Dado Digital/impl/pnr/Dado Digital.power.html" completed
Generate file "/Users/valeponche/Downloads/PracticasDSD-main-2/Dado Digital/Dado Digital/impl/pnr/Dado Digital.pin.html" completed
Generate file "/Users/valeponche/Downloads/PracticasDSD-main-2/Dado Digital/Dado Digital/impl/pnr/Dado Digital.rpt.html" completed
Generate file "/Users/valeponche/Downloads/PracticasDSD-main-2/Dado Digital/Dado Digital/impl/pnr/Dado Digital.rpt.txt" completed
Generate file "/Users/valeponche/Downloads/PracticasDSD-main-2/Dado Digital/Dado Digital/impl/pnr/Dado Digital.tr.html" completed
Fri Jun  5 08:17:00 2026

