GowinSynthesis start
Running parser ...
Analyzing VHDL file '/Users/valeponche/Downloads/PracticasDSD-main-2/Dado Digital/Dado Digital/src/Dado.vhd'
Analyzing entity 'dado'("/Users/valeponche/Downloads/PracticasDSD-main-2/Dado Digital/Dado Digital/src/Dado.vhd":5)
Analyzing architecture 'a_dado'("/Users/valeponche/Downloads/PracticasDSD-main-2/Dado Digital/Dado Digital/src/Dado.vhd":15)
Processing 'DADO(A_DADO)'("/Users/valeponche/Downloads/PracticasDSD-main-2/Dado Digital/Dado Digital/src/Dado.vhd":5)
NOTE  (EX0101) : Current top module is "DADO"
[5%] Running netlist conversion ...
Running device independent optimization ...
[10%] Optimizing Phase 0 completed
[15%] Optimizing Phase 1 completed
[25%] Optimizing Phase 2 completed
Running inference ...
[30%] Inferring Phase 0 completed
[40%] Inferring Phase 1 completed
[50%] Inferring Phase 2 completed
[55%] Inferring Phase 3 completed
Running technical mapping ...
[60%] Tech-Mapping Phase 0 completed
[65%] Tech-Mapping Phase 1 completed
[75%] Tech-Mapping Phase 2 completed
[80%] Tech-Mapping Phase 3 completed
[90%] Tech-Mapping Phase 4 completed
[95%] Generate netlist file "/Users/valeponche/Downloads/PracticasDSD-main-2/Dado Digital/Dado Digital/impl/gwsynthesis/Dado Digital.vg" completed
[100%] Generate report file "/Users/valeponche/Downloads/PracticasDSD-main-2/Dado Digital/Dado Digital/impl/gwsynthesis/Dado Digital_syn.rpt.html" completed
GowinSynthesis finish
