Reading netlist file: "C:\Users\veget\OneDrive\Escritorio\P1DEF\impl\gwsynthesis\P1DEF.vg"
Parsing netlist file "C:\Users\veget\OneDrive\Escritorio\P1DEF\impl\gwsynthesis\P1DEF.vg" completed
Processing netlist completed
Reading constraint file: "C:\Users\veget\OneDrive\Escritorio\P1DEF\src\P1DEF.cst"
ERROR  (CT1135) : "C:\Users\veget\OneDrive\Escritorio\P1DEF\src\P1DEF.cst":10 | Can't find object named 'DIS3[6]'
ERROR  (CT1135) : "C:\Users\veget\OneDrive\Escritorio\P1DEF\src\P1DEF.cst":11 | Can't find object named 'DIS3[6]'
ERROR  (CT1135) : "C:\Users\veget\OneDrive\Escritorio\P1DEF\src\P1DEF.cst":12 | Can't find object named 'DIS3[5]'
ERROR  (CT1135) : "C:\Users\veget\OneDrive\Escritorio\P1DEF\src\P1DEF.cst":13 | Can't find object named 'DIS3[5]'
ERROR  (CT1135) : "C:\Users\veget\OneDrive\Escritorio\P1DEF\src\P1DEF.cst":14 | Can't find object named 'DIS3[4]'
ERROR  (CT1135) : "C:\Users\veget\OneDrive\Escritorio\P1DEF\src\P1DEF.cst":15 | Can't find object named 'DIS3[4]'
ERROR  (CT1135) : "C:\Users\veget\OneDrive\Escritorio\P1DEF\src\P1DEF.cst":16 | Can't find object named 'DIS3[3]'
ERROR  (CT1135) : "C:\Users\veget\OneDrive\Escritorio\P1DEF\src\P1DEF.cst":17 | Can't find object named 'DIS3[3]'
ERROR  (CT1135) : "C:\Users\veget\OneDrive\Escritorio\P1DEF\src\P1DEF.cst":18 | Can't find object named 'DIS3[2]'
ERROR  (CT1135) : "C:\Users\veget\OneDrive\Escritorio\P1DEF\src\P1DEF.cst":19 | Can't find object named 'DIS3[2]'
ERROR  (CT1135) : "C:\Users\veget\OneDrive\Escritorio\P1DEF\src\P1DEF.cst":20 | Can't find object named 'DIS3[1]'
ERROR  (CT1135) : "C:\Users\veget\OneDrive\Escritorio\P1DEF\src\P1DEF.cst":21 | Can't find object named 'DIS3[1]'
ERROR  (CT1135) : "C:\Users\veget\OneDrive\Escritorio\P1DEF\src\P1DEF.cst":22 | Can't find object named 'DIS3[0]'
ERROR  (CT1135) : "C:\Users\veget\OneDrive\Escritorio\P1DEF\src\P1DEF.cst":23 | Can't find object named 'DIS3[0]'
ERROR  (CT1135) : "C:\Users\veget\OneDrive\Escritorio\P1DEF\src\P1DEF.cst":24 | Can't find object named 'DIS2[6]'
ERROR  (CT1135) : "C:\Users\veget\OneDrive\Escritorio\P1DEF\src\P1DEF.cst":25 | Can't find object named 'DIS2[6]'
ERROR  (CT1135) : "C:\Users\veget\OneDrive\Escritorio\P1DEF\src\P1DEF.cst":26 | Can't find object named 'DIS2[5]'
ERROR  (CT1135) : "C:\Users\veget\OneDrive\Escritorio\P1DEF\src\P1DEF.cst":27 | Can't find object named 'DIS2[5]'
ERROR  (CT1135) : "C:\Users\veget\OneDrive\Escritorio\P1DEF\src\P1DEF.cst":28 | Can't find object named 'DIS2[4]'
ERROR  (CT1135) : "C:\Users\veget\OneDrive\Escritorio\P1DEF\src\P1DEF.cst":29 | Can't find object named 'DIS2[4]'
ERROR  (CT1135) : "C:\Users\veget\OneDrive\Escritorio\P1DEF\src\P1DEF.cst":30 | Can't find object named 'DIS2[3]'
ERROR  (CT1135) : "C:\Users\veget\OneDrive\Escritorio\P1DEF\src\P1DEF.cst":31 | Can't find object named 'DIS2[3]'
ERROR  (CT1135) : "C:\Users\veget\OneDrive\Escritorio\P1DEF\src\P1DEF.cst":32 | Can't find object named 'DIS2[2]'
ERROR  (CT1135) : "C:\Users\veget\OneDrive\Escritorio\P1DEF\src\P1DEF.cst":33 | Can't find object named 'DIS2[2]'
ERROR  (CT1135) : "C:\Users\veget\OneDrive\Escritorio\P1DEF\src\P1DEF.cst":34 | Can't find object named 'DIS2[1]'
ERROR  (CT1135) : "C:\Users\veget\OneDrive\Escritorio\P1DEF\src\P1DEF.cst":35 | Can't find object named 'DIS2[1]'
ERROR  (CT1135) : "C:\Users\veget\OneDrive\Escritorio\P1DEF\src\P1DEF.cst":36 | Can't find object named 'DIS2[0]'
ERROR  (CT1135) : "C:\Users\veget\OneDrive\Escritorio\P1DEF\src\P1DEF.cst":37 | Can't find object named 'DIS2[0]'
ERROR  (CT1135) : "C:\Users\veget\OneDrive\Escritorio\P1DEF\src\P1DEF.cst":38 | Can't find object named 'DIS1[6]'
ERROR  (CT1135) : "C:\Users\veget\OneDrive\Escritorio\P1DEF\src\P1DEF.cst":39 | Can't find object named 'DIS1[6]'
ERROR  (CT1135) : "C:\Users\veget\OneDrive\Escritorio\P1DEF\src\P1DEF.cst":40 | Can't find object named 'DIS1[5]'
ERROR  (CT1135) : "C:\Users\veget\OneDrive\Escritorio\P1DEF\src\P1DEF.cst":41 | Can't find object named 'DIS1[5]'
ERROR  (CT1135) : "C:\Users\veget\OneDrive\Escritorio\P1DEF\src\P1DEF.cst":42 | Can't find object named 'DIS1[4]'
ERROR  (CT1135) : "C:\Users\veget\OneDrive\Escritorio\P1DEF\src\P1DEF.cst":43 | Can't find object named 'DIS1[4]'
ERROR  (CT1135) : "C:\Users\veget\OneDrive\Escritorio\P1DEF\src\P1DEF.cst":44 | Can't find object named 'DIS1[3]'
ERROR  (CT1135) : "C:\Users\veget\OneDrive\Escritorio\P1DEF\src\P1DEF.cst":45 | Can't find object named 'DIS1[3]'
ERROR  (CT1135) : "C:\Users\veget\OneDrive\Escritorio\P1DEF\src\P1DEF.cst":46 | Can't find object named 'DIS1[2]'
ERROR  (CT1135) : "C:\Users\veget\OneDrive\Escritorio\P1DEF\src\P1DEF.cst":47 | Can't find object named 'DIS1[2]'
ERROR  (CT1135) : "C:\Users\veget\OneDrive\Escritorio\P1DEF\src\P1DEF.cst":48 | Can't find object named 'DIS1[1]'
ERROR  (CT1135) : "C:\Users\veget\OneDrive\Escritorio\P1DEF\src\P1DEF.cst":49 | Can't find object named 'DIS1[1]'
ERROR  (CT1135) : "C:\Users\veget\OneDrive\Escritorio\P1DEF\src\P1DEF.cst":50 | Can't find object named 'DIS1[0]'
ERROR  (CT1135) : "C:\Users\veget\OneDrive\Escritorio\P1DEF\src\P1DEF.cst":51 | Can't find object named 'DIS1[0]'
ERROR  (CT1135) : "C:\Users\veget\OneDrive\Escritorio\P1DEF\src\P1DEF.cst":52 | Can't find object named 'TRAN[2]'
ERROR  (CT1135) : "C:\Users\veget\OneDrive\Escritorio\P1DEF\src\P1DEF.cst":53 | Can't find object named 'TRAN[2]'
ERROR  (CT1135) : "C:\Users\veget\OneDrive\Escritorio\P1DEF\src\P1DEF.cst":54 | Can't find object named 'TRAN[1]'
ERROR  (CT1135) : "C:\Users\veget\OneDrive\Escritorio\P1DEF\src\P1DEF.cst":55 | Can't find object named 'TRAN[1]'
ERROR  (CT1135) : "C:\Users\veget\OneDrive\Escritorio\P1DEF\src\P1DEF.cst":56 | Can't find object named 'TRAN[0]'
ERROR  (CT1135) : "C:\Users\veget\OneDrive\Escritorio\P1DEF\src\P1DEF.cst":57 | Can't find object named 'TRAN[0]'
ERROR  (CT1135) : "C:\Users\veget\OneDrive\Escritorio\P1DEF\src\P1DEF.cst":58 | Can't find object named 'CLK'
ERROR  (CT1135) : "C:\Users\veget\OneDrive\Escritorio\P1DEF\src\P1DEF.cst":59 | Can't find object named 'CLK'
ERROR  (CT1135) : "C:\Users\veget\OneDrive\Escritorio\P1DEF\src\P1DEF.cst":60 | Can't find object named 'REF[1]'
ERROR  (CT1135) : "C:\Users\veget\OneDrive\Escritorio\P1DEF\src\P1DEF.cst":61 | Can't find object named 'REF[1]'
ERROR  (CT1135) : "C:\Users\veget\OneDrive\Escritorio\P1DEF\src\P1DEF.cst":62 | Can't find object named 'REF[0]'
ERROR  (CT1135) : "C:\Users\veget\OneDrive\Escritorio\P1DEF\src\P1DEF.cst":63 | Can't find object named 'REF[0]'
ERROR  (CT1135) : "C:\Users\veget\OneDrive\Escritorio\P1DEF\src\P1DEF.cst":64 | Can't find object named 'SEL[1]'
ERROR  (CT1135) : "C:\Users\veget\OneDrive\Escritorio\P1DEF\src\P1DEF.cst":65 | Can't find object named 'SEL[1]'
ERROR  (CT1135) : "C:\Users\veget\OneDrive\Escritorio\P1DEF\src\P1DEF.cst":66 | Can't find object named 'SEL[0]'
ERROR  (CT1135) : "C:\Users\veget\OneDrive\Escritorio\P1DEF\src\P1DEF.cst":67 | Can't find object named 'SEL[0]'
ERROR  (CT1135) : "C:\Users\veget\OneDrive\Escritorio\P1DEF\src\P1DEF.cst":68 | Can't find object named 'D[1]'
ERROR  (CT1135) : "C:\Users\veget\OneDrive\Escritorio\P1DEF\src\P1DEF.cst":69 | Can't find object named 'D[1]'
ERROR  (CT1135) : "C:\Users\veget\OneDrive\Escritorio\P1DEF\src\P1DEF.cst":70 | Can't find object named 'D[0]'
ERROR  (CT1135) : "C:\Users\veget\OneDrive\Escritorio\P1DEF\src\P1DEF.cst":71 | Can't find object named 'D[0]'
ERROR  (CT1135) : "C:\Users\veget\OneDrive\Escritorio\P1DEF\src\P1DEF.cst":72 | Can't find object named 'C[1]'
ERROR  (CT1135) : "C:\Users\veget\OneDrive\Escritorio\P1DEF\src\P1DEF.cst":73 | Can't find object named 'C[1]'
ERROR  (CT1135) : "C:\Users\veget\OneDrive\Escritorio\P1DEF\src\P1DEF.cst":74 | Can't find object named 'C[0]'
ERROR  (CT1135) : "C:\Users\veget\OneDrive\Escritorio\P1DEF\src\P1DEF.cst":75 | Can't find object named 'C[0]'
ERROR  (CT1135) : "C:\Users\veget\OneDrive\Escritorio\P1DEF\src\P1DEF.cst":76 | Can't find object named 'B[1]'
ERROR  (CT1135) : "C:\Users\veget\OneDrive\Escritorio\P1DEF\src\P1DEF.cst":77 | Can't find object named 'B[1]'
ERROR  (CT1135) : "C:\Users\veget\OneDrive\Escritorio\P1DEF\src\P1DEF.cst":78 | Can't find object named 'B[0]'
ERROR  (CT1135) : "C:\Users\veget\OneDrive\Escritorio\P1DEF\src\P1DEF.cst":79 | Can't find object named 'B[0]'
ERROR  (CT1135) : "C:\Users\veget\OneDrive\Escritorio\P1DEF\src\P1DEF.cst":80 | Can't find object named 'A[1]'
ERROR  (CT1135) : "C:\Users\veget\OneDrive\Escritorio\P1DEF\src\P1DEF.cst":81 | Can't find object named 'A[1]'
ERROR  (CT1135) : "C:\Users\veget\OneDrive\Escritorio\P1DEF\src\P1DEF.cst":82 | Can't find object named 'A[0]'
ERROR  (CT1135) : "C:\Users\veget\OneDrive\Escritorio\P1DEF\src\P1DEF.cst":83 | Can't find object named 'A[0]'
Physical Constraint parsed completed with errors
