GowinSynthesis start
Running parser ...
Analyzing VHDL file '/home/peterparker/Documentos/Digital/Practica2/src/Main.vhd'
Analyzing entity 'main'("/home/peterparker/Documentos/Digital/Practica2/src/Main.vhd":6)
Analyzing architecture 'comportamiento'("/home/peterparker/Documentos/Digital/Practica2/src/Main.vhd":21)
Processing 'Main(Comportamiento)'("/home/peterparker/Documentos/Digital/Practica2/src/Main.vhd":6)
NOTE  (EX0101) : Current top module is "Main"
[5%] Running netlist conversion ...
Running device independent optimization ...
[10%] Optimizing Phase 0 completed
[15%] Optimizing Phase 1 completed
[25%] Optimizing Phase 2 completed
Running inference ...
[30%] Inferring Phase 0 completed
[40%] Inferring Phase 1 completed
[50%] Inferring Phase 2 completed
[55%] Inferring Phase 3 completed
Running technical mapping ...
[60%] Tech-Mapping Phase 0 completed
[65%] Tech-Mapping Phase 1 completed
[75%] Tech-Mapping Phase 2 completed
WARN  (AG0100) : Find logical loop signal : "q_d_int"("/home/peterparker/Documentos/Digital/Practica2/src/Main.vhd":56)
WARN  (AG0100) : Find logical loop signal : "q_d_int"("/home/peterparker/Documentos/Digital/Practica2/src/Main.vhd":56)
WARN  (AG0100) : Find logical loop signal : "q_d_int"("/home/peterparker/Documentos/Digital/Practica2/src/Main.vhd":56)
WARN  (AG0101) : The netlist is not one directed acyclic graph
WARN  (AG0100) : Find logical loop signal : "q_jk_int"("/home/peterparker/Documentos/Digital/Practica2/src/Main.vhd":68)
WARN  (AG0100) : Find logical loop signal : "q_jk_int"("/home/peterparker/Documentos/Digital/Practica2/src/Main.vhd":68)
WARN  (AG0100) : Find logical loop signal : "q_jk_int"("/home/peterparker/Documentos/Digital/Practica2/src/Main.vhd":68)
WARN  (AG0101) : The netlist is not one directed acyclic graph
WARN  (AG0100) : Find logical loop signal : "q_sr_int"("/home/peterparker/Documentos/Digital/Practica2/src/Main.vhd":80)
WARN  (AG0100) : Find logical loop signal : "q_sr_int"("/home/peterparker/Documentos/Digital/Practica2/src/Main.vhd":80)
WARN  (AG0100) : Find logical loop signal : "q_sr_int"("/home/peterparker/Documentos/Digital/Practica2/src/Main.vhd":80)
WARN  (AG0101) : The netlist is not one directed acyclic graph
WARN  (AG0100) : Find logical loop signal : "q_t_int"("/home/peterparker/Documentos/Digital/Practica2/src/Main.vhd":93)
WARN  (AG0100) : Find logical loop signal : "q_t_int"("/home/peterparker/Documentos/Digital/Practica2/src/Main.vhd":93)
WARN  (AG0100) : Find logical loop signal : "q_t_int"("/home/peterparker/Documentos/Digital/Practica2/src/Main.vhd":93)
WARN  (AG0101) : The netlist is not one directed acyclic graph
[80%] Tech-Mapping Phase 3 completed
[90%] Tech-Mapping Phase 4 completed
[95%] Generate netlist file "/home/peterparker/Documentos/Digital/Practica2/impl/gwsynthesis/Practica2.vg" completed
[100%] Generate report file "/home/peterparker/Documentos/Digital/Practica2/impl/gwsynthesis/Practica2_syn.rpt.html" completed
GowinSynthesis finish
