GowinSynthesis start
Running parser ...
Analyzing VHDL file 'C:\Users\penai\OneDrive\Documentos\Universidad\sistemas digitales\CONTADORP5\src\CONTADORP5.vhd'
Analyzing entity 'contadorp5'("C:\Users\penai\OneDrive\Documentos\Universidad\sistemas digitales\CONTADORP5\src\CONTADORP5.vhd":4)
Analyzing architecture 'acontadorp5'("C:\Users\penai\OneDrive\Documentos\Universidad\sistemas digitales\CONTADORP5\src\CONTADORP5.vhd":14)
Analyzing VHDL file 'C:\Users\penai\OneDrive\Documentos\Universidad\sistemas digitales\CONTADORP5\src\DIV.vhd'
Analyzing entity 'div'("C:\Users\penai\OneDrive\Documentos\Universidad\sistemas digitales\CONTADORP5\src\DIV.vhd":6)
Analyzing architecture 'a_div'("C:\Users\penai\OneDrive\Documentos\Universidad\sistemas digitales\CONTADORP5\src\DIV.vhd":16)
Analyzing VHDL file 'C:\Users\penai\OneDrive\Documentos\Universidad\sistemas digitales\CONTADORP5\src\JKFF.vhd'
Analyzing entity 'jkff'("C:\Users\penai\OneDrive\Documentos\Universidad\sistemas digitales\CONTADORP5\src\JKFF.vhd":4)
Analyzing architecture 'ajkff'("C:\Users\penai\OneDrive\Documentos\Universidad\sistemas digitales\CONTADORP5\src\JKFF.vhd":14)
Processing 'CONTADORP5(ACONTADORP5)'("C:\Users\penai\OneDrive\Documentos\Universidad\sistemas digitales\CONTADORP5\src\CONTADORP5.vhd":4)
Processing 'DIV(A_DIV)'("C:\Users\penai\OneDrive\Documentos\Universidad\sistemas digitales\CONTADORP5\src\DIV.vhd":6)
Processing 'JKFF(AJKFF)'("C:\Users\penai\OneDrive\Documentos\Universidad\sistemas digitales\CONTADORP5\src\JKFF.vhd":4)
NOTE  (EX0101) : Current top module is "CONTADORP5"
[5%] Running netlist conversion ...
Running device independent optimization ...
[10%] Optimizing Phase 0 completed
[15%] Optimizing Phase 1 completed
[25%] Optimizing Phase 2 completed
Running inference ...
[30%] Inferring Phase 0 completed
[40%] Inferring Phase 1 completed
[50%] Inferring Phase 2 completed
[55%] Inferring Phase 3 completed
Running technical mapping ...
[60%] Tech-Mapping Phase 0 completed
[65%] Tech-Mapping Phase 1 completed
[75%] Tech-Mapping Phase 2 completed
[80%] Tech-Mapping Phase 3 completed
[90%] Tech-Mapping Phase 4 completed
[95%] Generate netlist file "C:\Users\penai\OneDrive\Documentos\Universidad\sistemas digitales\CONTADORP5\impl\gwsynthesis\CONTADORP5.vg" completed
[100%] Generate report file "C:\Users\penai\OneDrive\Documentos\Universidad\sistemas digitales\CONTADORP5\impl\gwsynthesis\CONTADORP5_syn.rpt.html" completed
GowinSynthesis finish
